# JRE version: OpenJDK Runtime Environment (8.0_265-b01) (build 1.8.0_265-b01)
# Java VM: OpenJDK 64-Bit Server VM (25.265-b01 mixed mode windows-amd64 compressed oops)
Heap:
 PSYoungGen      total 274944K, used 75234K [0x000000076b780000, 0x000000077fc00000, 0x00000007c0000000)
  eden space 248832K, 19% used [0x000000076b780000,0x000000076e77c160,0x000000077aa80000)
  from space 26112K, 99% used [0x000000077aa80000,0x000000077c3fc978,0x000000077c400000)
  to   space 30208K, 0% used [0x000000077de80000,0x000000077de80000,0x000000077fc00000)
 ParOldGen       total 134656K, used 33444K [0x00000006c2600000, 0x00000006ca980000, 0x000000076b780000)
  object space 134656K, 24% used [0x00000006c2600000,0x00000006c46a9200,0x00000006ca980000)
 Metaspace       used 25770K, capacity 26472K, committed 26624K, reserved 1073152K
  class space    used 2887K, capacity 3014K, committed 3072K, reserved 1048576K
GC Heap History (10 events):
Event: 5.460 GC heap before
{Heap before GC invocations=4 (full 0):
 PSYoungGen      total 75776K, used 75768K [0x000000076b780000, 0x0000000774b80000, 0x00000007c0000000)
  eden space 65024K, 100% used [0x000000076b780000,0x000000076f700000,0x000000076f700000)
  from space 10752K, 99% used [0x000000076f700000,0x000000077017e030,0x0000000770180000)
  to   space 10752K, 0% used [0x0000000774100000,0x0000000774100000,0x0000000774b80000)
 ParOldGen       total 173568K, used 6336K [0x00000006c2600000, 0x00000006ccf80000, 0x000000076b780000)
  object space 173568K, 3% used [0x00000006c2600000,0x00000006c2c30160,0x00000006ccf80000)
 Metaspace       used 17011K, capacity 17448K, committed 17792K, reserved 1064960K
  class space    used 1939K, capacity 2053K, committed 2176K, reserved 1048576K
Event: 5.480 GC heap after
Heap after GC invocations=4 (full 0):
 PSYoungGen      total 140800K, used 10728K [0x000000076b780000, 0x0000000774b80000, 0x00000007c0000000)
  eden space 130048K, 0% used [0x000000076b780000,0x000000076b780000,0x0000000773680000)
  from space 10752K, 99% used [0x0000000774100000,0x0000000774b7a060,0x0000000774b80000)
  to   space 10752K, 0% used [0x0000000773680000,0x0000000773680000,0x0000000774100000)
 ParOldGen       total 173568K, used 13459K [0x00000006c2600000, 0x00000006ccf80000, 0x000000076b780000)
  object space 173568K, 7% used [0x00000006c2600000,0x00000006c3324ec0,0x00000006ccf80000)
 Metaspace       used 17011K, capacity 17448K, committed 17792K, reserved 1064960K
  class space    used 1939K, capacity 2053K, committed 2176K, reserved 1048576K
}
Event: 6.617 GC heap before
{Heap before GC invocations=5 (full 0):
 PSYoungGen      total 140800K, used 98441K [0x000000076b780000, 0x0000000774b80000, 0x00000007c0000000)
  eden space 130048K, 67% used [0x000000076b780000,0x0000000770d28490,0x0000000773680000)
  from space 10752K, 99% used [0x0000000774100000,0x0000000774b7a060,0x0000000774b80000)
  to   space 10752K, 0% used [0x0000000773680000,0x0000000773680000,0x0000000774100000)
 ParOldGen       total 173568K, used 13459K [0x00000006c2600000, 0x00000006ccf80000, 0x000000076b780000)
  object space 173568K, 7% used [0x00000006c2600000,0x00000006c3324ec0,0x00000006ccf80000)
 Metaspace       used 20576K, capacity 21120K, committed 21248K, reserved 1069056K
  class space    used 2373K, capacity 2493K, committed 2560K, reserved 1048576K
Event: 6.632 GC heap after
Heap after GC invocations=5 (full 0):
 PSYoungGen      total 140800K, used 10727K [0x000000076b780000, 0x000000077dd80000, 0x00000007c0000000)
  eden space 130048K, 0% used [0x000000076b780000,0x000000076b780000,0x0000000773680000)
  from space 10752K, 99% used [0x0000000773680000,0x00000007740f9dd0,0x0000000774100000)
  to   space 20480K, 0% used [0x000000077c980000,0x000000077c980000,0x000000077dd80000)
 ParOldGen       total 173568K, used 18235K [0x00000006c2600000, 0x00000006ccf80000, 0x000000076b780000)
  object space 173568K, 10% used [0x00000006c2600000,0x00000006c37ceca8,0x00000006ccf80000)
 Metaspace       used 20576K, capacity 21120K, committed 21248K, reserved 1069056K
  class space    used 2373K, capacity 2493K, committed 2560K, reserved 1048576K
}
Event: 6.632 GC heap before
{Heap before GC invocations=6 (full 1):
 PSYoungGen      total 140800K, used 10727K [0x000000076b780000, 0x000000077dd80000, 0x00000007c0000000)
  eden space 130048K, 0% used [0x000000076b780000,0x000000076b780000,0x0000000773680000)
  from space 10752K, 99% used [0x0000000773680000,0x00000007740f9dd0,0x0000000774100000)
  to   space 20480K, 0% used [0x000000077c980000,0x000000077c980000,0x000000077dd80000)
 ParOldGen       total 173568K, used 18235K [0x00000006c2600000, 0x00000006ccf80000, 0x000000076b780000)
  object space 173568K, 10% used [0x00000006c2600000,0x00000006c37ceca8,0x00000006ccf80000)
 Metaspace       used 20576K, capacity 21120K, committed 21248K, reserved 1069056K
  class space    used 2373K, capacity 2493K, committed 2560K, reserved 1048576K
Event: 6.755 GC heap after
Heap after GC invocations=6 (full 1):
 PSYoungGen      total 140800K, used 0K [0x000000076b780000, 0x000000077dd80000, 0x00000007c0000000)
  eden space 130048K, 0% used [0x000000076b780000,0x000000076b780000,0x0000000773680000)
  from space 10752K, 0% used [0x0000000773680000,0x0000000773680000,0x0000000774100000)
  to   space 20480K, 0% used [0x000000077c980000,0x000000077c980000,0x000000077dd80000)
 ParOldGen       total 134656K, used 26936K [0x00000006c2600000, 0x00000006ca980000, 0x000000076b780000)
  object space 134656K, 20% used [0x00000006c2600000,0x00000006c404e3a0,0x00000006ca980000)
 Metaspace       used 20576K, capacity 21120K, committed 21248K, reserved 1069056K
  class space    used 2373K, capacity 2493K, committed 2560K, reserved 1048576K
}
Event: 8.956 GC heap before
{Heap before GC invocations=7 (full 1):
 PSYoungGen      total 140800K, used 130048K [0x000000076b780000, 0x000000077dd80000, 0x00000007c0000000)
  eden space 130048K, 100% used [0x000000076b780000,0x0000000773680000,0x0000000773680000)
  from space 10752K, 0% used [0x0000000773680000,0x0000000773680000,0x0000000774100000)
  to   space 20480K, 0% used [0x000000077c980000,0x000000077c980000,0x000000077dd80000)
 ParOldGen       total 134656K, used 26936K [0x00000006c2600000, 0x00000006ca980000, 0x000000076b780000)
  object space 134656K, 20% used [0x00000006c2600000,0x00000006c404e3a0,0x00000006ca980000)
 Metaspace       used 24242K, capacity 24932K, committed 25216K, reserved 1071104K
  class space    used 2760K, capacity 2889K, committed 2944K, reserved 1048576K
Event: 8.977 GC heap after
Heap after GC invocations=7 (full 1):
 PSYoungGen      total 209920K, used 20459K [0x000000076b780000, 0x000000077dd80000, 0x00000007c0000000)
  eden space 189440K, 0% used [0x000000076b780000,0x000000076b780000,0x0000000777080000)
  from space 20480K, 99% used [0x000000077c980000,0x000000077dd7afa8,0x000000077dd80000)
  to   space 26112K, 0% used [0x000000077aa80000,0x000000077aa80000,0x000000077c400000)
 ParOldGen       total 134656K, used 31932K [0x00000006c2600000, 0x00000006ca980000, 0x000000076b780000)
  object space 134656K, 23% used [0x00000006c2600000,0x00000006c452f070,0x00000006ca980000)
 Metaspace       used 24242K, capacity 24932K, committed 25216K, reserved 1071104K
  class space    used 2760K, capacity 2889K, committed 2944K, reserved 1048576K
}
Event: 11.263 GC heap before
{Heap before GC invocations=8 (full 1):
 PSYoungGen      total 209920K, used 209899K [0x000000076b780000, 0x000000077dd80000, 0x00000007c0000000)
  eden space 189440K, 100% used [0x000000076b780000,0x0000000777080000,0x0000000777080000)
  from space 20480K, 99% used [0x000000077c980000,0x000000077dd7afa8,0x000000077dd80000)
  to   space 26112K, 0% used [0x000000077aa80000,0x000000077aa80000,0x000000077c400000)
 ParOldGen       total 134656K, used 31932K [0x00000006c2600000, 0x00000006ca980000, 0x000000076b780000)
  object space 134656K, 23% used [0x00000006c2600000,0x00000006c452f070,0x00000006ca980000)
 Metaspace       used 25693K, capacity 26408K, committed 26624K, reserved 1073152K
  class space    used 2886K, capacity 3014K, committed 3072K, reserved 1048576K
Event: 11.286 GC heap after
Heap after GC invocations=8 (full 1):
 PSYoungGen      total 274944K, used 26098K [0x000000076b780000, 0x000000077fc00000, 0x00000007c0000000)
  eden space 248832K, 0% used [0x000000076b780000,0x000000076b780000,0x000000077aa80000)
  from space 26112K, 99% used [0x000000077aa80000,0x000000077c3fc978,0x000000077c400000)
  to   space 30208K, 0% used [0x000000077de80000,0x000000077de80000,0x000000077fc00000)
 ParOldGen       total 134656K, used 33444K [0x00000006c2600000, 0x00000006ca980000, 0x000000076b780000)
  object space 134656K, 24% used [0x00000006c2600000,0x00000006c46a9200,0x00000006ca980000)
 Metaspace       used 25693K, capacity 26408K, committed 26624K, reserved 1073152K
  class space    used 2886K, capacity 3014K, committed 3072K, reserved 1048576K
}

