# JRE version: OpenJDK Runtime Environment (8.0_265-b01) (build 1.8.0_265-b01)
# Java VM: OpenJDK 64-Bit Server VM (25.265-b01 mixed mode windows-amd64 compressed oops)
Heap:
 PSYoungGen      total 212480K, used 138047K [0x000000076b780000, 0x000000077de80000, 0x00000007c0000000)
  eden space 191488K, 61% used [0x000000076b780000,0x00000007729d2b68,0x0000000777280000)
  from space 20992K, 99% used [0x000000077ca00000,0x000000077de7d398,0x000000077de80000)
  to   space 26112K, 0% used [0x000000077ab80000,0x000000077ab80000,0x000000077c500000)
 ParOldGen       total 133632K, used 56431K [0x00000006c2600000, 0x00000006ca880000, 0x000000076b780000)
  object space 133632K, 42% used [0x00000006c2600000,0x00000006c5d1bef8,0x00000006ca880000)
 Metaspace       used 32558K, capacity 33518K, committed 33792K, reserved 1079296K
  class space    used 3711K, capacity 4034K, committed 4096K, reserved 1048576K
GC Heap History (10 events):
Event: 7.864 GC heap before
{Heap before GC invocations=5 (full 0):
 PSYoungGen      total 140800K, used 100390K [0x000000076b780000, 0x0000000774b80000, 0x00000007c0000000)
  eden space 130048K, 68% used [0x000000076b780000,0x0000000770f0fa98,0x0000000773680000)
  from space 10752K, 99% used [0x0000000774100000,0x0000000774b7a060,0x0000000774b80000)
  to   space 10752K, 0% used [0x0000000773680000,0x0000000773680000,0x0000000774100000)
 ParOldGen       total 173568K, used 13216K [0x00000006c2600000, 0x00000006ccf80000, 0x000000076b780000)
  object space 173568K, 7% used [0x00000006c2600000,0x00000006c32e8160,0x00000006ccf80000)
 Metaspace       used 20660K, capacity 21152K, committed 21248K, reserved 1069056K
  class space    used 2388K, capacity 2525K, committed 2560K, reserved 1048576K
Event: 7.881 GC heap after
Heap after GC invocations=5 (full 0):
 PSYoungGen      total 140800K, used 10728K [0x000000076b780000, 0x000000077de80000, 0x00000007c0000000)
  eden space 130048K, 0% used [0x000000076b780000,0x000000076b780000,0x0000000773680000)
  from space 10752K, 99% used [0x0000000773680000,0x00000007740fa080,0x0000000774100000)
  to   space 20992K, 0% used [0x000000077ca00000,0x000000077ca00000,0x000000077de80000)
 ParOldGen       total 173568K, used 18538K [0x00000006c2600000, 0x00000006ccf80000, 0x000000076b780000)
  object space 173568K, 10% used [0x00000006c2600000,0x00000006c381aa10,0x00000006ccf80000)
 Metaspace       used 20660K, capacity 21152K, committed 21248K, reserved 1069056K
  class space    used 2388K, capacity 2525K, committed 2560K, reserved 1048576K
}
Event: 7.881 GC heap before
{Heap before GC invocations=6 (full 1):
 PSYoungGen      total 140800K, used 10728K [0x000000076b780000, 0x000000077de80000, 0x00000007c0000000)
  eden space 130048K, 0% used [0x000000076b780000,0x000000076b780000,0x0000000773680000)
  from space 10752K, 99% used [0x0000000773680000,0x00000007740fa080,0x0000000774100000)
  to   space 20992K, 0% used [0x000000077ca00000,0x000000077ca00000,0x000000077de80000)
 ParOldGen       total 173568K, used 18538K [0x00000006c2600000, 0x00000006ccf80000, 0x000000076b780000)
  object space 173568K, 10% used [0x00000006c2600000,0x00000006c381aa10,0x00000006ccf80000)
 Metaspace       used 20660K, capacity 21152K, committed 21248K, reserved 1069056K
  class space    used 2388K, capacity 2525K, committed 2560K, reserved 1048576K
Event: 8.008 GC heap after
Heap after GC invocations=6 (full 1):
 PSYoungGen      total 140800K, used 0K [0x000000076b780000, 0x000000077de80000, 0x00000007c0000000)
  eden space 130048K, 0% used [0x000000076b780000,0x000000076b780000,0x0000000773680000)
  from space 10752K, 0% used [0x0000000773680000,0x0000000773680000,0x0000000774100000)
  to   space 20992K, 0% used [0x000000077ca00000,0x000000077ca00000,0x000000077de80000)
 ParOldGen       total 133632K, used 27116K [0x00000006c2600000, 0x00000006ca880000, 0x000000076b780000)
  object space 133632K, 20% used [0x00000006c2600000,0x00000006c407b3c0,0x00000006ca880000)
 Metaspace       used 20660K, capacity 21152K, committed 21248K, reserved 1069056K
  class space    used 2388K, capacity 2525K, committed 2560K, reserved 1048576K
}
Event: 10.160 GC heap before
{Heap before GC invocations=7 (full 1):
 PSYoungGen      total 140800K, used 130048K [0x000000076b780000, 0x000000077de80000, 0x00000007c0000000)
  eden space 130048K, 100% used [0x000000076b780000,0x0000000773680000,0x0000000773680000)
  from space 10752K, 0% used [0x0000000773680000,0x0000000773680000,0x0000000774100000)
  to   space 20992K, 0% used [0x000000077ca00000,0x000000077ca00000,0x000000077de80000)
 ParOldGen       total 133632K, used 27116K [0x00000006c2600000, 0x00000006ca880000, 0x000000076b780000)
  object space 133632K, 20% used [0x00000006c2600000,0x00000006c407b3c0,0x00000006ca880000)
 Metaspace       used 24309K, capacity 24932K, committed 25216K, reserved 1071104K
  class space    used 2775K, capacity 2889K, committed 2944K, reserved 1048576K
Event: 10.178 GC heap after
Heap after GC invocations=7 (full 1):
 PSYoungGen      total 212480K, used 20986K [0x000000076b780000, 0x000000077de80000, 0x00000007c0000000)
  eden space 191488K, 0% used [0x000000076b780000,0x000000076b780000,0x0000000777280000)
  from space 20992K, 99% used [0x000000077ca00000,0x000000077de7e9a0,0x000000077de80000)
  to   space 26112K, 0% used [0x000000077ab80000,0x000000077ab80000,0x000000077c500000)
 ParOldGen       total 133632K, used 31584K [0x00000006c2600000, 0x00000006ca880000, 0x000000076b780000)
  object space 133632K, 23% used [0x00000006c2600000,0x00000006c44d8270,0x00000006ca880000)
 Metaspace       used 24309K, capacity 24932K, committed 25216K, reserved 1071104K
  class space    used 2775K, capacity 2889K, committed 2944K, reserved 1048576K
}
Event: 11.918 GC heap before
{Heap before GC invocations=8 (full 1):
 PSYoungGen      total 212480K, used 212474K [0x000000076b780000, 0x000000077de80000, 0x00000007c0000000)
  eden space 191488K, 100% used [0x000000076b780000,0x0000000777280000,0x0000000777280000)
  from space 20992K, 99% used [0x000000077ca00000,0x000000077de7e9a0,0x000000077de80000)
  to   space 26112K, 0% used [0x000000077ab80000,0x000000077ab80000,0x000000077c500000)
 ParOldGen       total 133632K, used 31584K [0x00000006c2600000, 0x00000006ca880000, 0x000000076b780000)
  object space 133632K, 23% used [0x00000006c2600000,0x00000006c44d8270,0x00000006ca880000)
 Metaspace       used 25767K, capacity 26472K, committed 26752K, reserved 1073152K
  class space    used 2902K, capacity 3078K, committed 3200K, reserved 1048576K
Event: 11.969 GC heap after
Heap after GC invocations=8 (full 1):
 PSYoungGen      total 217600K, used 26104K [0x000000076b780000, 0x000000077de80000, 0x00000007c0000000)
  eden space 191488K, 0% used [0x000000076b780000,0x000000076b780000,0x0000000777280000)
  from space 26112K, 99% used [0x000000077ab80000,0x000000077c4fe2d0,0x000000077c500000)
  to   space 20992K, 0% used [0x000000077ca00000,0x000000077ca00000,0x000000077de80000)
 ParOldGen       total 133632K, used 34215K [0x00000006c2600000, 0x00000006ca880000, 0x000000076b780000)
  object space 133632K, 25% used [0x00000006c2600000,0x00000006c4769ed8,0x00000006ca880000)
 Metaspace       used 25767K, capacity 26472K, committed 26752K, reserved 1073152K
  class space    used 2902K, capacity 3078K, committed 3200K, reserved 1048576K
}
Event: 14.763 GC heap before
{Heap before GC invocations=9 (full 1):
 PSYoungGen      total 217600K, used 217592K [0x000000076b780000, 0x000000077de80000, 0x00000007c0000000)
  eden space 191488K, 100% used [0x000000076b780000,0x0000000777280000,0x0000000777280000)
  from space 26112K, 99% used [0x000000077ab80000,0x000000077c4fe2d0,0x000000077c500000)
  to   space 20992K, 0% used [0x000000077ca00000,0x000000077ca00000,0x000000077de80000)
 ParOldGen       total 133632K, used 34215K [0x00000006c2600000, 0x00000006ca880000, 0x000000076b780000)
  object space 133632K, 25% used [0x00000006c2600000,0x00000006c4769ed8,0x00000006ca880000)
 Metaspace       used 28636K, capacity 29390K, committed 29568K, reserved 1075200K
  class space    used 3194K, capacity 3450K, committed 3456K, reserved 1048576K
Event: 14.792 GC heap after
Heap after GC invocations=9 (full 1):
 PSYoungGen      total 212480K, used 20980K [0x000000076b780000, 0x000000077de80000, 0x00000007c0000000)
  eden space 191488K, 0% used [0x000000076b780000,0x000000076b780000,0x0000000777280000)
  from space 20992K, 99% used [0x000000077ca00000,0x000000077de7d398,0x000000077de80000)
  to   space 26112K, 0% used [0x000000077ab80000,0x000000077ab80000,0x000000077c500000)
 ParOldGen       total 133632K, used 56431K [0x00000006c2600000, 0x00000006ca880000, 0x000000076b780000)
  object space 133632K, 42% used [0x00000006c2600000,0x00000006c5d1bef8,0x00000006ca880000)
 Metaspace       used 28636K, capacity 29390K, committed 29568K, reserved 1075200K
  class space    used 3194K, capacity 3450K, committed 3456K, reserved 1048576K
}

