# JRE version: OpenJDK Runtime Environment (8.0_265-b01) (build 1.8.0_265-b01)
# Java VM: OpenJDK 64-Bit Server VM (25.265-b01 mixed mode windows-amd64 compressed oops)
Heap:
 PSYoungGen      total 210432K, used 62327K [0x000000076b780000, 0x000000077de80000, 0x00000007c0000000)
  eden space 189440K, 21% used [0x000000076b780000,0x000000076dfe0e38,0x0000000777080000)
  from space 20992K, 99% used [0x000000077ca00000,0x000000077de7d0f0,0x000000077de80000)
  to   space 26112K, 0% used [0x000000077ab80000,0x000000077ab80000,0x000000077c500000)
 ParOldGen       total 135680K, used 31378K [0x00000006c2600000, 0x00000006caa80000, 0x000000076b780000)
  object space 135680K, 23% used [0x00000006c2600000,0x00000006c44a4858,0x00000006caa80000)
 Metaspace       used 25233K, capacity 25898K, committed 26112K, reserved 1073152K
  class space    used 2857K, capacity 3018K, committed 3072K, reserved 1048576K
GC Heap History (10 events):
Event: 4.854 GC heap before
{Heap before GC invocations=3 (full 0):
 PSYoungGen      total 75776K, used 75757K [0x000000076b780000, 0x0000000770c00000, 0x00000007c0000000)
  eden space 65024K, 100% used [0x000000076b780000,0x000000076f700000,0x000000076f700000)
  from space 10752K, 99% used [0x0000000770180000,0x0000000770bfb5c0,0x0000000770c00000)
  to   space 10752K, 0% used [0x000000076f700000,0x000000076f700000,0x0000000770180000)
 ParOldGen       total 173568K, used 958K [0x00000006c2600000, 0x00000006ccf80000, 0x000000076b780000)
  object space 173568K, 0% used [0x00000006c2600000,0x00000006c26ef838,0x00000006ccf80000)
 Metaspace       used 16724K, capacity 17110K, committed 17536K, reserved 1064960K
  class space    used 1937K, capacity 2050K, committed 2176K, reserved 1048576K
Event: 4.866 GC heap after
Heap after GC invocations=3 (full 0):
 PSYoungGen      total 75776K, used 10744K [0x000000076b780000, 0x0000000774b80000, 0x00000007c0000000)
  eden space 65024K, 0% used [0x000000076b780000,0x000000076b780000,0x000000076f700000)
  from space 10752K, 99% used [0x000000076f700000,0x000000077017e070,0x0000000770180000)
  to   space 10752K, 0% used [0x0000000774100000,0x0000000774100000,0x0000000774b80000)
 ParOldGen       total 173568K, used 6179K [0x00000006c2600000, 0x00000006ccf80000, 0x000000076b780000)
  object space 173568K, 3% used [0x00000006c2600000,0x00000006c2c08f58,0x00000006ccf80000)
 Metaspace       used 16724K, capacity 17110K, committed 17536K, reserved 1064960K
  class space    used 1937K, capacity 2050K, committed 2176K, reserved 1048576K
}
Event: 5.417 GC heap before
{Heap before GC invocations=4 (full 0):
 PSYoungGen      total 75776K, used 75768K [0x000000076b780000, 0x0000000774b80000, 0x00000007c0000000)
  eden space 65024K, 100% used [0x000000076b780000,0x000000076f700000,0x000000076f700000)
  from space 10752K, 99% used [0x000000076f700000,0x000000077017e070,0x0000000770180000)
  to   space 10752K, 0% used [0x0000000774100000,0x0000000774100000,0x0000000774b80000)
 ParOldGen       total 173568K, used 6179K [0x00000006c2600000, 0x00000006ccf80000, 0x000000076b780000)
  object space 173568K, 3% used [0x00000006c2600000,0x00000006c2c08f58,0x00000006ccf80000)
 Metaspace       used 17012K, capacity 17448K, committed 17792K, reserved 1064960K
  class space    used 1939K, capacity 2053K, committed 2176K, reserved 1048576K
Event: 5.439 GC heap after
Heap after GC invocations=4 (full 0):
 PSYoungGen      total 140800K, used 10728K [0x000000076b780000, 0x0000000774b80000, 0x00000007c0000000)
  eden space 130048K, 0% used [0x000000076b780000,0x000000076b780000,0x0000000773680000)
  from space 10752K, 99% used [0x0000000774100000,0x0000000774b7a060,0x0000000774b80000)
  to   space 10752K, 0% used [0x0000000773680000,0x0000000773680000,0x0000000774100000)
 ParOldGen       total 173568K, used 13333K [0x00000006c2600000, 0x00000006ccf80000, 0x000000076b780000)
  object space 173568K, 7% used [0x00000006c2600000,0x00000006c3305618,0x00000006ccf80000)
 Metaspace       used 17012K, capacity 17448K, committed 17792K, reserved 1064960K
  class space    used 1939K, capacity 2053K, committed 2176K, reserved 1048576K
}
Event: 6.442 GC heap before
{Heap before GC invocations=5 (full 0):
 PSYoungGen      total 140800K, used 98236K [0x000000076b780000, 0x0000000774b80000, 0x00000007c0000000)
  eden space 130048K, 67% used [0x000000076b780000,0x0000000770cf5008,0x0000000773680000)
  from space 10752K, 99% used [0x0000000774100000,0x0000000774b7a060,0x0000000774b80000)
  to   space 10752K, 0% used [0x0000000773680000,0x0000000773680000,0x0000000774100000)
 ParOldGen       total 173568K, used 13333K [0x00000006c2600000, 0x00000006ccf80000, 0x000000076b780000)
  object space 173568K, 7% used [0x00000006c2600000,0x00000006c3305618,0x00000006ccf80000)
 Metaspace       used 20588K, capacity 21120K, committed 21248K, reserved 1069056K
  class space    used 2374K, capacity 2493K, committed 2560K, reserved 1048576K
Event: 6.458 GC heap after
Heap after GC invocations=5 (full 0):
 PSYoungGen      total 140800K, used 10743K [0x000000076b780000, 0x000000077de80000, 0x00000007c0000000)
  eden space 130048K, 0% used [0x000000076b780000,0x000000076b780000,0x0000000773680000)
  from space 10752K, 99% used [0x0000000773680000,0x00000007740fdd80,0x0000000774100000)
  to   space 20992K, 0% used [0x000000077ca00000,0x000000077ca00000,0x000000077de80000)
 ParOldGen       total 173568K, used 18386K [0x00000006c2600000, 0x00000006ccf80000, 0x000000076b780000)
  object space 173568K, 10% used [0x00000006c2600000,0x00000006c37f4b68,0x00000006ccf80000)
 Metaspace       used 20588K, capacity 21120K, committed 21248K, reserved 1069056K
  class space    used 2374K, capacity 2493K, committed 2560K, reserved 1048576K
}
Event: 6.458 GC heap before
{Heap before GC invocations=6 (full 1):
 PSYoungGen      total 140800K, used 10743K [0x000000076b780000, 0x000000077de80000, 0x00000007c0000000)
  eden space 130048K, 0% used [0x000000076b780000,0x000000076b780000,0x0000000773680000)
  from space 10752K, 99% used [0x0000000773680000,0x00000007740fdd80,0x0000000774100000)
  to   space 20992K, 0% used [0x000000077ca00000,0x000000077ca00000,0x000000077de80000)
 ParOldGen       total 173568K, used 18386K [0x00000006c2600000, 0x00000006ccf80000, 0x000000076b780000)
  object space 173568K, 10% used [0x00000006c2600000,0x00000006c37f4b68,0x00000006ccf80000)
 Metaspace       used 20588K, capacity 21120K, committed 21248K, reserved 1069056K
  class space    used 2374K, capacity 2493K, committed 2560K, reserved 1048576K
Event: 6.585 GC heap after
Heap after GC invocations=6 (full 1):
 PSYoungGen      total 140800K, used 0K [0x000000076b780000, 0x000000077de80000, 0x00000007c0000000)
  eden space 130048K, 0% used [0x000000076b780000,0x000000076b780000,0x0000000773680000)
  from space 10752K, 0% used [0x0000000773680000,0x0000000773680000,0x0000000774100000)
  to   space 20992K, 0% used [0x000000077ca00000,0x000000077ca00000,0x000000077de80000)
 ParOldGen       total 135680K, used 26938K [0x00000006c2600000, 0x00000006caa80000, 0x000000076b780000)
  object space 135680K, 19% used [0x00000006c2600000,0x00000006c404e820,0x00000006caa80000)
 Metaspace       used 20588K, capacity 21120K, committed 21248K, reserved 1069056K
  class space    used 2374K, capacity 2493K, committed 2560K, reserved 1048576K
}
Event: 8.625 GC heap before
{Heap before GC invocations=7 (full 1):
 PSYoungGen      total 140800K, used 130048K [0x000000076b780000, 0x000000077de80000, 0x00000007c0000000)
  eden space 130048K, 100% used [0x000000076b780000,0x0000000773680000,0x0000000773680000)
  from space 10752K, 0% used [0x0000000773680000,0x0000000773680000,0x0000000774100000)
  to   space 20992K, 0% used [0x000000077ca00000,0x000000077ca00000,0x000000077de80000)
 ParOldGen       total 135680K, used 26938K [0x00000006c2600000, 0x00000006caa80000, 0x000000076b780000)
  object space 135680K, 19% used [0x00000006c2600000,0x00000006c404e820,0x00000006caa80000)
 Metaspace       used 24220K, capacity 24868K, committed 24960K, reserved 1071104K
  class space    used 2760K, capacity 2889K, committed 2944K, reserved 1048576K
Event: 8.652 GC heap after
Heap after GC invocations=7 (full 1):
 PSYoungGen      total 210432K, used 20980K [0x000000076b780000, 0x000000077de80000, 0x00000007c0000000)
  eden space 189440K, 0% used [0x000000076b780000,0x000000076b780000,0x0000000777080000)
  from space 20992K, 99% used [0x000000077ca00000,0x000000077de7d0f0,0x000000077de80000)
  to   space 26112K, 0% used [0x000000077ab80000,0x000000077ab80000,0x000000077c500000)
 ParOldGen       total 135680K, used 31378K [0x00000006c2600000, 0x00000006caa80000, 0x000000076b780000)
  object space 135680K, 23% used [0x00000006c2600000,0x00000006c44a4858,0x00000006caa80000)
 Metaspace       used 24220K, capacity 24868K, committed 24960K, reserved 1071104K
  class space    used 2760K, capacity 2889K, committed 2944K, reserved 1048576K
}

